build/app/intermediates/manifest_merge_blame_file/release/manifest-merger-blame-release-report.txt
1<?xml version="1.0" encoding="utf-8"?>
2<manifest xmlns:android="http://schemas.android.com/apk/res/android"
3    package="com.example.savesmart_app"
4    android:versionCode="1"
5    android:versionName="1.0.0" >
6
7    <uses-sdk
8        android:minSdkVersion="23"
9        android:targetSdkVersion="35" />
10    <!-- Network permissions - REQUIRED for API calls -->
11    <uses-permission android:name="android.permission.INTERNET" />
11-->src\main\AndroidManifest.xml:3:5-67
11-->src\main\AndroidManifest.xml:3:22-64
12    <uses-permission android:name="android.permission.ACCESS_NETWORK_STATE" />
12-->src\main\AndroidManifest.xml:4:5-79
12-->src\main\AndroidManifest.xml:4:22-76
13    <uses-permission android:name="android.permission.READ_EXTERNAL_STORAGE" />
13-->src\main\AndroidManifest.xml:5:5-80
13-->src\main\AndroidManifest.xml:5:22-77
14    <uses-permission android:name="android.permission.WRITE_EXTERNAL_STORAGE" />
14-->src\main\AndroidManifest.xml:6:5-81
14-->src\main\AndroidManifest.xml:6:22-78
15
16    <queries>
16-->src\main\AndroidManifest.xml:39:5-44:15
17        <intent>
17-->src\main\AndroidManifest.xml:40:9-43:18
18            <action android:name="android.intent.action.PROCESS_TEXT" />
18-->src\main\AndroidManifest.xml:41:13-72
18-->src\main\AndroidManifest.xml:41:21-70
19
20            <data android:mimeType="text/plain" />
20-->src\main\AndroidManifest.xml:42:13-50
20-->src\main\AndroidManifest.xml:42:19-48
21        </intent>
22    </queries>
23
24    <uses-permission android:name="android.permission.WAKE_LOCK" /> <!-- Permissions options for the `notification` group -->
24-->[:firebase_analytics] AndroidManifest.xml:9:5-68
24-->[:firebase_analytics] AndroidManifest.xml:9:22-65
25    <uses-permission android:name="android.permission.POST_NOTIFICATIONS" />
25-->[:firebase_messaging] AndroidManifest.xml:11:5-77
25-->[:firebase_messaging] AndroidManifest.xml:11:22-74
26    <uses-permission android:name="android.permission.VIBRATE" />
26-->[:flutter_local_notifications] AndroidManifest.xml:7:5-66
26-->[:flutter_local_notifications] AndroidManifest.xml:7:22-63
27    <uses-permission android:name="android.permission.USE_BIOMETRIC" /> <!-- suppress DeprecatedClassUsageInspection -->
27-->[:local_auth_android] AndroidManifest.xml:7:5-72
27-->[:local_auth_android] AndroidManifest.xml:7:22-69
28    <uses-permission android:name="android.permission.USE_FINGERPRINT" />
28-->[androidx.biometric:biometric:1.1.0] AndroidManifest.xml:27:5-74
28-->[androidx.biometric:biometric:1.1.0] AndroidManifest.xml:27:22-71
29    <uses-permission android:name="com.google.android.finsky.permission.BIND_GET_INSTALL_REFERRER_SERVICE" />
29-->[com.google.android.gms:play-services-measurement:22.4.0] AndroidManifest.xml:26:5-110
29-->[com.google.android.gms:play-services-measurement:22.4.0] AndroidManifest.xml:26:22-107
30    <uses-permission android:name="com.google.android.gms.permission.AD_ID" />
30-->[com.google.android.gms:play-services-measurement-api:22.4.0] AndroidManifest.xml:25:5-79
30-->[com.google.android.gms:play-services-measurement-api:22.4.0] AndroidManifest.xml:25:22-76
31    <uses-permission android:name="android.permission.ACCESS_ADSERVICES_ATTRIBUTION" />
31-->[com.google.android.gms:play-services-measurement-api:22.4.0] AndroidManifest.xml:26:5-88
31-->[com.google.android.gms:play-services-measurement-api:22.4.0] AndroidManifest.xml:26:22-85
32    <uses-permission android:name="android.permission.ACCESS_ADSERVICES_AD_ID" /> <!-- Required by older versions of Google Play services to create IID tokens -->
32-->[com.google.android.gms:play-services-measurement-api:22.4.0] AndroidManifest.xml:27:5-82
32-->[com.google.android.gms:play-services-measurement-api:22.4.0] AndroidManifest.xml:27:22-79
33    <uses-permission android:name="com.google.android.c2dm.permission.RECEIVE" />
33-->[com.google.firebase:firebase-messaging:24.1.1] AndroidManifest.xml:26:5-82
33-->[com.google.firebase:firebase-messaging:24.1.1] AndroidManifest.xml:26:22-79
34    <uses-permission android:name="com.google.android.providers.gsf.permission.READ_GSERVICES" />
34-->[com.google.android.recaptcha:recaptcha:18.6.1] AndroidManifest.xml:9:5-98
34-->[com.google.android.recaptcha:recaptcha:18.6.1] AndroidManifest.xml:9:22-95
35
36    <permission
36-->[androidx.core:core:1.13.1] AndroidManifest.xml:22:5-24:47
37        android:name="com.example.savesmart_app.DYNAMIC_RECEIVER_NOT_EXPORTED_PERMISSION"
37-->[androidx.core:core:1.13.1] AndroidManifest.xml:23:9-81
38        android:protectionLevel="signature" />
38-->[androidx.core:core:1.13.1] AndroidManifest.xml:24:9-44
39
40    <uses-permission android:name="com.example.savesmart_app.DYNAMIC_RECEIVER_NOT_EXPORTED_PERMISSION" />
40-->[androidx.core:core:1.13.1] AndroidManifest.xml:26:5-97
40-->[androidx.core:core:1.13.1] AndroidManifest.xml:26:22-94
41
42    <application
43        android:name="android.app.Application"
43-->src\main\AndroidManifest.xml:10:9-42
44        android:appComponentFactory="androidx.core.app.CoreComponentFactory"
44-->[androidx.core:core:1.13.1] AndroidManifest.xml:28:18-86
45        android:extractNativeLibs="false"
46        android:icon="@mipmap/ic_launcher"
46-->src\main\AndroidManifest.xml:11:9-43
47        android:label="savesmart_app"
47-->src\main\AndroidManifest.xml:9:9-38
48        android:usesCleartextTraffic="true" >
48-->src\main\AndroidManifest.xml:12:9-44
49        <activity
49-->src\main\AndroidManifest.xml:14:9-32:20
50            android:name="com.example.savesmart_app.MainActivity"
50-->src\main\AndroidManifest.xml:15:13-41
51            android:configChanges="orientation|keyboardHidden|keyboard|screenSize|smallestScreenSize|locale|layoutDirection|fontScale|screenLayout|density|uiMode"
51-->src\main\AndroidManifest.xml:20:13-163
52            android:exported="true"
52-->src\main\AndroidManifest.xml:16:13-36
53            android:hardwareAccelerated="true"
53-->src\main\AndroidManifest.xml:21:13-47
54            android:launchMode="singleTop"
54-->src\main\AndroidManifest.xml:17:13-43
55            android:taskAffinity=""
55-->src\main\AndroidManifest.xml:18:13-36
56            android:theme="@style/LaunchTheme"
56-->src\main\AndroidManifest.xml:19:13-47
57            android:windowSoftInputMode="adjustResize" >
57-->src\main\AndroidManifest.xml:22:13-55
58            <meta-data
58-->src\main\AndroidManifest.xml:24:13-26:55
59                android:name="io.flutter.embedding.android.NormalTheme"
59-->src\main\AndroidManifest.xml:25:15-70
60                android:resource="@style/NormalTheme" />
60-->src\main\AndroidManifest.xml:26:15-52
61
62            <intent-filter>
62-->src\main\AndroidManifest.xml:28:13-31:29
63                <action android:name="android.intent.action.MAIN" />
63-->src\main\AndroidManifest.xml:29:17-68
63-->src\main\AndroidManifest.xml:29:25-66
64
65                <category android:name="android.intent.category.LAUNCHER" />
65-->src\main\AndroidManifest.xml:30:17-76
65-->src\main\AndroidManifest.xml:30:27-74
66            </intent-filter>
67        </activity>
68
69        <meta-data
69-->src\main\AndroidManifest.xml:34:9-36:33
70            android:name="flutterEmbedding"
70-->src\main\AndroidManifest.xml:35:13-44
71            android:value="2" />
71-->src\main\AndroidManifest.xml:36:13-30
72        <!--
73           Declares a provider which allows us to store files to share in
74           '.../caches/share_plus' and grant the receiving action access
75        -->
76        <provider
76-->[:share_plus] AndroidManifest.xml:13:9-21:20
77            android:name="dev.fluttercommunity.plus.share.ShareFileProvider"
77-->[:share_plus] AndroidManifest.xml:14:13-77
78            android:authorities="com.example.savesmart_app.flutter.share_provider"
78-->[:share_plus] AndroidManifest.xml:15:13-74
79            android:exported="false"
79-->[:share_plus] AndroidManifest.xml:16:13-37
80            android:grantUriPermissions="true" >
80-->[:share_plus] AndroidManifest.xml:17:13-47
81            <meta-data
81-->[:share_plus] AndroidManifest.xml:18:13-20:68
82                android:name="android.support.FILE_PROVIDER_PATHS"
82-->[:share_plus] AndroidManifest.xml:19:17-67
83                android:resource="@xml/flutter_share_file_paths" />
83-->[:share_plus] AndroidManifest.xml:20:17-65
84        </provider>
85        <!--
86           This manifest declared broadcast receiver allows us to use an explicit
87           Intent when creating a PendingItent to be informed of the user's choice
88        -->
89        <receiver
89-->[:share_plus] AndroidManifest.xml:26:9-32:20
90            android:name="dev.fluttercommunity.plus.share.SharePlusPendingIntent"
90-->[:share_plus] AndroidManifest.xml:27:13-82
91            android:exported="false" >
91-->[:share_plus] AndroidManifest.xml:28:13-37
92            <intent-filter>
92-->[:share_plus] AndroidManifest.xml:29:13-31:29
93                <action android:name="EXTRA_CHOSEN_COMPONENT" />
93-->[:share_plus] AndroidManifest.xml:30:17-65
93-->[:share_plus] AndroidManifest.xml:30:25-62
94            </intent-filter>
95        </receiver>
96
97        <service
97-->[:cloud_firestore] AndroidManifest.xml:8:9-12:19
98            android:name="com.google.firebase.components.ComponentDiscoveryService"
98-->[:cloud_firestore] AndroidManifest.xml:8:18-89
99            android:directBootAware="true"
99-->[com.google.firebase:firebase-common:21.0.0] AndroidManifest.xml:32:13-43
100            android:exported="false" >
100-->[com.google.firebase:firebase-firestore:25.1.4] AndroidManifest.xml:16:13-37
101            <meta-data
101-->[:cloud_firestore] AndroidManifest.xml:9:13-11:85
102                android:name="com.google.firebase.components:io.flutter.plugins.firebase.firestore.FlutterFirebaseFirestoreRegistrar"
102-->[:cloud_firestore] AndroidManifest.xml:10:17-134
103                android:value="com.google.firebase.components.ComponentRegistrar" />
103-->[:cloud_firestore] AndroidManifest.xml:11:17-82
104            <meta-data
104-->[:firebase_analytics] AndroidManifest.xml:13:13-15:85
105                android:name="com.google.firebase.components:io.flutter.plugins.firebase.analytics.FlutterFirebaseAppRegistrar"
105-->[:firebase_analytics] AndroidManifest.xml:14:17-128
106                android:value="com.google.firebase.components.ComponentRegistrar" />
106-->[:firebase_analytics] AndroidManifest.xml:15:17-82
107            <meta-data
107-->[:firebase_auth] AndroidManifest.xml:9:13-11:85
108                android:name="com.google.firebase.components:io.flutter.plugins.firebase.auth.FlutterFirebaseAuthRegistrar"
108-->[:firebase_auth] AndroidManifest.xml:10:17-124
109                android:value="com.google.firebase.components.ComponentRegistrar" />
109-->[:firebase_auth] AndroidManifest.xml:11:17-82
110            <meta-data
110-->[:firebase_crashlytics] AndroidManifest.xml:9:13-11:85
111                android:name="com.google.firebase.components:io.flutter.plugins.firebase.crashlytics.FlutterFirebaseAppRegistrar"
111-->[:firebase_crashlytics] AndroidManifest.xml:10:17-130
112                android:value="com.google.firebase.components.ComponentRegistrar" />
112-->[:firebase_crashlytics] AndroidManifest.xml:11:17-82
113            <meta-data
113-->[:firebase_messaging] AndroidManifest.xml:36:13-38:85
114                android:name="com.google.firebase.components:io.flutter.plugins.firebase.messaging.FlutterFirebaseAppRegistrar"
114-->[:firebase_messaging] AndroidManifest.xml:37:17-128
115                android:value="com.google.firebase.components.ComponentRegistrar" />
115-->[:firebase_messaging] AndroidManifest.xml:38:17-82
116            <meta-data
116-->[:firebase_storage] AndroidManifest.xml:9:13-11:85
117                android:name="com.google.firebase.components:io.flutter.plugins.firebase.storage.FlutterFirebaseAppRegistrar"
117-->[:firebase_storage] AndroidManifest.xml:10:17-126
118                android:value="com.google.firebase.components.ComponentRegistrar" />
118-->[:firebase_storage] AndroidManifest.xml:11:17-82
119            <meta-data
119-->[:firebase_core] AndroidManifest.xml:9:13-11:85
120                android:name="com.google.firebase.components:io.flutter.plugins.firebase.core.FlutterFirebaseCoreRegistrar"
120-->[:firebase_core] AndroidManifest.xml:10:17-124
121                android:value="com.google.firebase.components.ComponentRegistrar" />
121-->[:firebase_core] AndroidManifest.xml:11:17-82
122            <meta-data
122-->[com.google.firebase:firebase-firestore:25.1.4] AndroidManifest.xml:17:13-19:85
123                android:name="com.google.firebase.components:com.google.firebase.firestore.FirebaseFirestoreKtxRegistrar"
123-->[com.google.firebase:firebase-firestore:25.1.4] AndroidManifest.xml:18:17-122
124                android:value="com.google.firebase.components.ComponentRegistrar" />
124-->[com.google.firebase:firebase-firestore:25.1.4] AndroidManifest.xml:19:17-82
125            <meta-data
125-->[com.google.firebase:firebase-firestore:25.1.4] AndroidManifest.xml:20:13-22:85
126                android:name="com.google.firebase.components:com.google.firebase.firestore.FirestoreRegistrar"
126-->[com.google.firebase:firebase-firestore:25.1.4] AndroidManifest.xml:21:17-111
127                android:value="com.google.firebase.components.ComponentRegistrar" />
127-->[com.google.firebase:firebase-firestore:25.1.4] AndroidManifest.xml:22:17-82
128            <meta-data
128-->[com.google.firebase:firebase-auth:23.2.1] AndroidManifest.xml:69:13-71:85
129                android:name="com.google.firebase.components:com.google.firebase.auth.FirebaseAuthRegistrar"
129-->[com.google.firebase:firebase-auth:23.2.1] AndroidManifest.xml:70:17-109
130                android:value="com.google.firebase.components.ComponentRegistrar" />
130-->[com.google.firebase:firebase-auth:23.2.1] AndroidManifest.xml:71:17-82
131            <meta-data
131-->[com.google.android.gms:play-services-measurement-api:22.4.0] AndroidManifest.xml:33:13-35:85
132                android:name="com.google.firebase.components:com.google.firebase.analytics.connector.internal.AnalyticsConnectorRegistrar"
132-->[com.google.android.gms:play-services-measurement-api:22.4.0] AndroidManifest.xml:34:17-139
133                android:value="com.google.firebase.components.ComponentRegistrar" />
133-->[com.google.android.gms:play-services-measurement-api:22.4.0] AndroidManifest.xml:35:17-82
134            <meta-data
134-->[com.google.firebase:firebase-crashlytics:19.4.4] AndroidManifest.xml:15:13-17:85
135                android:name="com.google.firebase.components:com.google.firebase.crashlytics.FirebaseCrashlyticsKtxRegistrar"
135-->[com.google.firebase:firebase-crashlytics:19.4.4] AndroidManifest.xml:16:17-126
136                android:value="com.google.firebase.components.ComponentRegistrar" />
136-->[com.google.firebase:firebase-crashlytics:19.4.4] AndroidManifest.xml:17:17-82
137            <meta-data
137-->[com.google.firebase:firebase-crashlytics:19.4.4] AndroidManifest.xml:18:13-20:85
138                android:name="com.google.firebase.components:com.google.firebase.crashlytics.CrashlyticsRegistrar"
138-->[com.google.firebase:firebase-crashlytics:19.4.4] AndroidManifest.xml:19:17-115
139                android:value="com.google.firebase.components.ComponentRegistrar" />
139-->[com.google.firebase:firebase-crashlytics:19.4.4] AndroidManifest.xml:20:17-82
140            <meta-data
140-->[com.google.firebase:firebase-messaging:24.1.1] AndroidManifest.xml:57:13-59:85
141                android:name="com.google.firebase.components:com.google.firebase.messaging.FirebaseMessagingKtxRegistrar"
141-->[com.google.firebase:firebase-messaging:24.1.1] AndroidManifest.xml:58:17-122
142                android:value="com.google.firebase.components.ComponentRegistrar" />
142-->[com.google.firebase:firebase-messaging:24.1.1] AndroidManifest.xml:59:17-82
143            <meta-data
143-->[com.google.firebase:firebase-messaging:24.1.1] AndroidManifest.xml:60:13-62:85
144                android:name="com.google.firebase.components:com.google.firebase.messaging.FirebaseMessagingRegistrar"
144-->[com.google.firebase:firebase-messaging:24.1.1] AndroidManifest.xml:61:17-119
145                android:value="com.google.firebase.components.ComponentRegistrar" />
145-->[com.google.firebase:firebase-messaging:24.1.1] AndroidManifest.xml:62:17-82
146            <meta-data
146-->[com.google.firebase:firebase-storage:21.0.2] AndroidManifest.xml:30:13-32:85
147                android:name="com.google.firebase.components:com.google.firebase.storage.FirebaseStorageKtxRegistrar"
147-->[com.google.firebase:firebase-storage:21.0.2] AndroidManifest.xml:31:17-118
148                android:value="com.google.firebase.components.ComponentRegistrar" />
148-->[com.google.firebase:firebase-storage:21.0.2] AndroidManifest.xml:32:17-82
149            <meta-data
149-->[com.google.firebase:firebase-storage:21.0.2] AndroidManifest.xml:33:13-35:85
150                android:name="com.google.firebase.components:com.google.firebase.storage.StorageRegistrar"
150-->[com.google.firebase:firebase-storage:21.0.2] AndroidManifest.xml:34:17-107
151                android:value="com.google.firebase.components.ComponentRegistrar" />
151-->[com.google.firebase:firebase-storage:21.0.2] AndroidManifest.xml:35:17-82
152            <meta-data
152-->[com.google.firebase:firebase-sessions:2.1.2] AndroidManifest.xml:29:13-31:85
153                android:name="com.google.firebase.components:com.google.firebase.sessions.FirebaseSessionsRegistrar"
153-->[com.google.firebase:firebase-sessions:2.1.2] AndroidManifest.xml:30:17-117
154                android:value="com.google.firebase.components.ComponentRegistrar" />
154-->[com.google.firebase:firebase-sessions:2.1.2] AndroidManifest.xml:31:17-82
155            <meta-data
155-->[com.google.firebase:firebase-installations:18.0.0] AndroidManifest.xml:15:13-17:85
156                android:name="com.google.firebase.components:com.google.firebase.installations.FirebaseInstallationsKtxRegistrar"
156-->[com.google.firebase:firebase-installations:18.0.0] AndroidManifest.xml:16:17-130
157                android:value="com.google.firebase.components.ComponentRegistrar" />
157-->[com.google.firebase:firebase-installations:18.0.0] AndroidManifest.xml:17:17-82
158            <meta-data
158-->[com.google.firebase:firebase-installations:18.0.0] AndroidManifest.xml:18:13-20:85
159                android:name="com.google.firebase.components:com.google.firebase.installations.FirebaseInstallationsRegistrar"
159-->[com.google.firebase:firebase-installations:18.0.0] AndroidManifest.xml:19:17-127
160                android:value="com.google.firebase.components.ComponentRegistrar" />
160-->[com.google.firebase:firebase-installations:18.0.0] AndroidManifest.xml:20:17-82
161            <meta-data
161-->[com.google.firebase:firebase-appcheck:18.0.0] AndroidManifest.xml:25:13-27:85
162                android:name="com.google.firebase.components:com.google.firebase.appcheck.FirebaseAppCheckKtxRegistrar"
162-->[com.google.firebase:firebase-appcheck:18.0.0] AndroidManifest.xml:26:17-120
163                android:value="com.google.firebase.components.ComponentRegistrar" />
163-->[com.google.firebase:firebase-appcheck:18.0.0] AndroidManifest.xml:27:17-82
164            <meta-data
164-->[com.google.firebase:firebase-appcheck:18.0.0] AndroidManifest.xml:28:13-30:85
165                android:name="com.google.firebase.components:com.google.firebase.appcheck.FirebaseAppCheckRegistrar"
165-->[com.google.firebase:firebase-appcheck:18.0.0] AndroidManifest.xml:29:17-117
166                android:value="com.google.firebase.components.ComponentRegistrar" />
166-->[com.google.firebase:firebase-appcheck:18.0.0] AndroidManifest.xml:30:17-82
167            <meta-data
167-->[com.google.firebase:firebase-common-ktx:21.0.0] AndroidManifest.xml:12:13-14:85
168                android:name="com.google.firebase.components:com.google.firebase.ktx.FirebaseCommonLegacyRegistrar"
168-->[com.google.firebase:firebase-common-ktx:21.0.0] AndroidManifest.xml:13:17-116
169                android:value="com.google.firebase.components.ComponentRegistrar" />
169-->[com.google.firebase:firebase-common-ktx:21.0.0] AndroidManifest.xml:14:17-82
170            <meta-data
170-->[com.google.firebase:firebase-common:21.0.0] AndroidManifest.xml:35:13-37:85
171                android:name="com.google.firebase.components:com.google.firebase.FirebaseCommonKtxRegistrar"
171-->[com.google.firebase:firebase-common:21.0.0] AndroidManifest.xml:36:17-109
172                android:value="com.google.firebase.components.ComponentRegistrar" />
172-->[com.google.firebase:firebase-common:21.0.0] AndroidManifest.xml:37:17-82
173            <meta-data
173-->[com.google.firebase:firebase-datatransport:19.0.0] AndroidManifest.xml:25:13-27:85
174                android:name="com.google.firebase.components:com.google.firebase.datatransport.TransportRegistrar"
174-->[com.google.firebase:firebase-datatransport:19.0.0] AndroidManifest.xml:26:17-115
175                android:value="com.google.firebase.components.ComponentRegistrar" />
175-->[com.google.firebase:firebase-datatransport:19.0.0] AndroidManifest.xml:27:17-82
176        </service>
177        <service
177-->[:firebase_messaging] AndroidManifest.xml:14:9-17:72
178            android:name="io.flutter.plugins.firebase.messaging.FlutterFirebaseMessagingBackgroundService"
178-->[:firebase_messaging] AndroidManifest.xml:15:13-107
179            android:exported="false"
179-->[:firebase_messaging] AndroidManifest.xml:16:13-37
180            android:permission="android.permission.BIND_JOB_SERVICE" />
180-->[:firebase_messaging] AndroidManifest.xml:17:13-69
181        <service
181-->[:firebase_messaging] AndroidManifest.xml:18:9-24:19
182            android:name="io.flutter.plugins.firebase.messaging.FlutterFirebaseMessagingService"
182-->[:firebase_messaging] AndroidManifest.xml:19:13-97
183            android:exported="false" >
183-->[:firebase_messaging] AndroidManifest.xml:20:13-37
184            <intent-filter>
184-->[:firebase_messaging] AndroidManifest.xml:21:13-23:29
185                <action android:name="com.google.firebase.MESSAGING_EVENT" />
185-->[:firebase_messaging] AndroidManifest.xml:22:17-78
185-->[:firebase_messaging] AndroidManifest.xml:22:25-75
186            </intent-filter>
187        </service>
188
189        <receiver
189-->[:firebase_messaging] AndroidManifest.xml:26:9-33:20
190            android:name="io.flutter.plugins.firebase.messaging.FlutterFirebaseMessagingReceiver"
190-->[:firebase_messaging] AndroidManifest.xml:27:13-98
191            android:exported="true"
191-->[:firebase_messaging] AndroidManifest.xml:28:13-36
192            android:permission="com.google.android.c2dm.permission.SEND" >
192-->[:firebase_messaging] AndroidManifest.xml:29:13-73
193            <intent-filter>
193-->[:firebase_messaging] AndroidManifest.xml:30:13-32:29
194                <action android:name="com.google.android.c2dm.intent.RECEIVE" />
194-->[:firebase_messaging] AndroidManifest.xml:31:17-81
194-->[:firebase_messaging] AndroidManifest.xml:31:25-78
195            </intent-filter>
196        </receiver>
197
198        <provider
198-->[:firebase_messaging] AndroidManifest.xml:41:9-45:38
199            android:name="io.flutter.plugins.firebase.messaging.FlutterFirebaseMessagingInitProvider"
199-->[:firebase_messaging] AndroidManifest.xml:42:13-102
200            android:authorities="com.example.savesmart_app.flutterfirebasemessaginginitprovider"
200-->[:firebase_messaging] AndroidManifest.xml:43:13-88
201            android:exported="false"
201-->[:firebase_messaging] AndroidManifest.xml:44:13-37
202            android:initOrder="99" />
202-->[:firebase_messaging] AndroidManifest.xml:45:13-35
203        <provider
203-->[:image_picker_android] AndroidManifest.xml:9:9-17:20
204            android:name="io.flutter.plugins.imagepicker.ImagePickerFileProvider"
204-->[:image_picker_android] AndroidManifest.xml:10:13-82
205            android:authorities="com.example.savesmart_app.flutter.image_provider"
205-->[:image_picker_android] AndroidManifest.xml:11:13-74
206            android:exported="false"
206-->[:image_picker_android] AndroidManifest.xml:12:13-37
207            android:grantUriPermissions="true" >
207-->[:image_picker_android] AndroidManifest.xml:13:13-47
208            <meta-data
208-->[:share_plus] AndroidManifest.xml:18:13-20:68
209                android:name="android.support.FILE_PROVIDER_PATHS"
209-->[:share_plus] AndroidManifest.xml:19:17-67
210                android:resource="@xml/flutter_image_picker_file_paths" />
210-->[:share_plus] AndroidManifest.xml:20:17-65
211        </provider> <!-- Trigger Google Play services to install the backported photo picker module. -->
212        <service
212-->[:image_picker_android] AndroidManifest.xml:19:9-31:19
213            android:name="com.google.android.gms.metadata.ModuleDependencies"
213-->[:image_picker_android] AndroidManifest.xml:20:13-78
214            android:enabled="false"
214-->[:image_picker_android] AndroidManifest.xml:21:13-36
215            android:exported="false" >
215-->[:image_picker_android] AndroidManifest.xml:22:13-37
216            <intent-filter>
216-->[:image_picker_android] AndroidManifest.xml:24:13-26:29
217                <action android:name="com.google.android.gms.metadata.MODULE_DEPENDENCIES" />
217-->[:image_picker_android] AndroidManifest.xml:25:17-94
217-->[:image_picker_android] AndroidManifest.xml:25:25-91
218            </intent-filter>
219
220            <meta-data
220-->[:image_picker_android] AndroidManifest.xml:28:13-30:36
221                android:name="photopicker_activity:0:required"
221-->[:image_picker_android] AndroidManifest.xml:29:17-63
222                android:value="" />
222-->[:image_picker_android] AndroidManifest.xml:30:17-33
223        </service>
224
225        <activity
225-->[:url_launcher_android] AndroidManifest.xml:8:9-11:74
226            android:name="io.flutter.plugins.urllauncher.WebViewActivity"
226-->[:url_launcher_android] AndroidManifest.xml:9:13-74
227            android:exported="false"
227-->[:url_launcher_android] AndroidManifest.xml:10:13-37
228            android:theme="@android:style/Theme.NoTitleBar.Fullscreen" />
228-->[:url_launcher_android] AndroidManifest.xml:11:13-71
229        <activity
229-->[com.google.firebase:firebase-auth:23.2.1] AndroidManifest.xml:29:9-46:20
230            android:name="com.google.firebase.auth.internal.GenericIdpActivity"
230-->[com.google.firebase:firebase-auth:23.2.1] AndroidManifest.xml:30:13-80
231            android:excludeFromRecents="true"
231-->[com.google.firebase:firebase-auth:23.2.1] AndroidManifest.xml:31:13-46
232            android:exported="true"
232-->[com.google.firebase:firebase-auth:23.2.1] AndroidManifest.xml:32:13-36
233            android:launchMode="singleTask"
233-->[com.google.firebase:firebase-auth:23.2.1] AndroidManifest.xml:33:13-44
234            android:theme="@android:style/Theme.Translucent.NoTitleBar" >
234-->[com.google.firebase:firebase-auth:23.2.1] AndroidManifest.xml:34:13-72
235            <intent-filter>
235-->[com.google.firebase:firebase-auth:23.2.1] AndroidManifest.xml:35:13-45:29
236                <action android:name="android.intent.action.VIEW" />
236-->[com.google.firebase:firebase-auth:23.2.1] AndroidManifest.xml:36:17-69
236-->[com.google.firebase:firebase-auth:23.2.1] AndroidManifest.xml:36:25-66
237
238                <category android:name="android.intent.category.DEFAULT" />
238-->[com.google.firebase:firebase-auth:23.2.1] AndroidManifest.xml:38:17-76
238-->[com.google.firebase:firebase-auth:23.2.1] AndroidManifest.xml:38:27-73
239                <category android:name="android.intent.category.BROWSABLE" />
239-->[com.google.firebase:firebase-auth:23.2.1] AndroidManifest.xml:39:17-78
239-->[com.google.firebase:firebase-auth:23.2.1] AndroidManifest.xml:39:27-75
240
241                <data
241-->src\main\AndroidManifest.xml:42:13-50
242                    android:host="firebase.auth"
243                    android:path="/"
244                    android:scheme="genericidp" />
245            </intent-filter>
246        </activity>
247        <activity
247-->[com.google.firebase:firebase-auth:23.2.1] AndroidManifest.xml:47:9-64:20
248            android:name="com.google.firebase.auth.internal.RecaptchaActivity"
248-->[com.google.firebase:firebase-auth:23.2.1] AndroidManifest.xml:48:13-79
249            android:excludeFromRecents="true"
249-->[com.google.firebase:firebase-auth:23.2.1] AndroidManifest.xml:49:13-46
250            android:exported="true"
250-->[com.google.firebase:firebase-auth:23.2.1] AndroidManifest.xml:50:13-36
251            android:launchMode="singleTask"
251-->[com.google.firebase:firebase-auth:23.2.1] AndroidManifest.xml:51:13-44
252            android:theme="@android:style/Theme.Translucent.NoTitleBar" >
252-->[com.google.firebase:firebase-auth:23.2.1] AndroidManifest.xml:52:13-72
253            <intent-filter>
253-->[com.google.firebase:firebase-auth:23.2.1] AndroidManifest.xml:53:13-63:29
254                <action android:name="android.intent.action.VIEW" />
254-->[com.google.firebase:firebase-auth:23.2.1] AndroidManifest.xml:36:17-69
254-->[com.google.firebase:firebase-auth:23.2.1] AndroidManifest.xml:36:25-66
255
256                <category android:name="android.intent.category.DEFAULT" />
256-->[com.google.firebase:firebase-auth:23.2.1] AndroidManifest.xml:38:17-76
256-->[com.google.firebase:firebase-auth:23.2.1] AndroidManifest.xml:38:27-73
257                <category android:name="android.intent.category.BROWSABLE" />
257-->[com.google.firebase:firebase-auth:23.2.1] AndroidManifest.xml:39:17-78
257-->[com.google.firebase:firebase-auth:23.2.1] AndroidManifest.xml:39:27-75
258
259                <data